Emptying app dir 'builddir'
Downloading sources
Starting build of de.philabs.laboratory
Cache hit for webkit-compat, skipping build
Cache miss, checking out last cache hit
========================================================================
Building module laboratory in /home/sten/AudioProgramming/Laboratory/.flatpak-builder/build/laboratory-12
========================================================================
-- Version: 0.0.1
-- The C compiler identification is GNU 13.2.0
-- The CXX compiler identification is GNU 13.2.0
-- Detecting C compiler ABI info
-- Detecting C compiler ABI info - done
-- Check for working C compiler: /usr/bin/cc - skipped
-- Detecting C compile features
-- Detecting C compile features - done
-- Detecting CXX compiler ABI info
-- Detecting CXX compiler ABI info - done
-- Check for working CXX compiler: /usr/bin/c++ - skipped
-- Detecting CXX compile features
-- Detecting CXX compile features - done
-- Found PkgConfig: /usr/bin/pkg-config (found version "2.5.1")
-- Checking for module 'alsa'
--   Found alsa, version 1.2.9
-- Checking for modules 'freetype2;fontconfig'
--   Found freetype2, version 26.1.20
--   Found fontconfig, version 2.15.0
-- Checking for module 'gl'
--   Found gl, version 25.1.9
-- Checking for module 'libcurl'
--   Found libcurl, version 8.15.0-DEV
-- Checking for modules 'webkit2gtk-4.0;gtk+-x11-3.0'
--   Found webkit2gtk-4.0, version 2.50.0
--   Found gtk+-x11-3.0, version 3.24.50
-- Configuring juceaide
-- Building juceaide
